This is LuaTeX, Version 1.07.0 (MiKTeX 2.9.6700 64-bit)  (format=lualatex 2018.6.22)  5 DEC 2019 19:21
 restricted system commands enabled.
**sym-stoch.tex
(./sym-stoch.tex
LaTeX2e <2018-04-01> patch level 5
Lua module: luaotfload-main 2017/01/29 2.80001 OpenType layout system.
Lua module: lualibs 2017-02-01 2.5 ConTeXt Lua standard libraries.
Lua module: lualibs-extended 2017-02-01 2.5 ConTeXt Lua libraries -- extended co
llection.(using cache: C:/Users/bergerd/AppData/Local/MiKTeX/2.9/luatex-cache/ge
neric)
luaotfload | conf : Root cache directory is C:/Users/bergerd/AppData/Local/MiKTe
X/2.9/luatex-cache/generic/names.
luaotfload | init : Loading fontloader “fontloader-2017-02-11.lua” from kpse
-resolved path “C:/Users/bergerd/AppData/Local/Programs/MiKTeX 2.9/tex/luatex/
luaotfload/fontloader-2017-02-11.lua”.
Lua-only attribute luaotfload@state = 1
Lua-only attribute luaotfload@noligature = 2
Lua-only attribute luaotfload@syllabe = 3
luaotfload | init : Context OpenType loader version “3.027”
Inserting `luaotfload.node_processor' at position 1 in `pre_linebreak_filter'.
Inserting `luaotfload.node_processor' at position 1 in `hpack_filter'.
Inserting `luaotfload.define_font' at position 1 in `define_font'.
Lua-only attribute luaotfload_color_attribute = 4
luaotfload | conf : Root cache directory is C:/Users/bergerd/AppData/Local/MiKTe
X/2.9/luatex-cache/generic/names.
Inserting `luaotfload.aux.set_sscale_dimens' at position 1 in `luaotfload.patch_
font'.
Inserting `luaotfload.aux.patch_cambria_domh' at position 2 in `luaotfload.patch
_font'.
Inserting `luaotfload.aux.fixup_fontdata' at position 1 in `luaotfload.patch_fon
t_unsafe'.
Inserting `luaotfload.aux.set_capheight' at position 3 in `luaotfload.patch_font
'.
Inserting `luaotfload.rewrite_fontname' at position 4 in `luaotfload.patch_font'
.
luaotfload | main : initialization completed in 1.445 seconds
(./smfart.cls
Document Class: smfart 2015/09/02 v1.5c Classe LaTeX pour les articles publies p
ar la SMF

("C:/Users/bergerd/AppData/Local/Programs/MiKTeX 2.9/tex/latex/amsmath/amsgen.s
ty"
File: amsgen.sty 1999/11/30 v2.0 generic functions
\@emptytoks=\toks14
\ex@=\dimen102
)
LaTeX Info: Redefining \MakeUppercase on input line 55.
\linespacing=\dimen103
\normaltopskip=\skip41
\normalparindent=\dimen104
luaotfload | db : Font names database loaded from C:/Users/bergerd/AppData/Local
/MiKTeX/2.9/luatex-cache/generic/names/luaotfload-names.luc(load luc: C:/Users/b
ergerd/AppData/Local/MiKTeX/2.9/luatex-cache/generic/fonts/otl/lmroman10-regular
.luc)
("C:/Users/bergerd/AppData/Local/Programs/MiKTeX 2.9/tex/latex/amsfonts/amsfont
s.sty"
Package: amsfonts 2013/01/14 v3.01 Basic AMSFonts support
\symAMSa=\mathgroup4
\symAMSb=\mathgroup5
LaTeX Font Info:    Overwriting math alphabet `\mathfrak' in version `bold'
(Font)                  U/euf/m/n --> U/euf/b/n on input line 106.
)
("C:/Users/bergerd/AppData/Local/Programs/MiKTeX 2.9/tex/latex/amsmath/amsmath.
sty"
Package: amsmath 2017/09/02 v2.17a AMS math features
\@mathmargin=\skip42

For additional information on amsmath, use the `?' option.

("C:/Users/bergerd/AppData/Local/Programs/MiKTeX 2.9/tex/latex/amsmath/amstext.
sty"
Package: amstext 2000/06/29 v2.01 AMS text
)
("C:/Users/bergerd/AppData/Local/Programs/MiKTeX 2.9/tex/latex/amsmath/amsbsy.s
ty"
Package: amsbsy 1999/11/29 v1.2d Bold Symbols
\pmbraise@=\dimen105
)
("C:/Users/bergerd/AppData/Local/Programs/MiKTeX 2.9/tex/latex/amsmath/amsopn.s
ty"
Package: amsopn 2016/03/08 v2.02 operator names
)
\inf@bad=\count80
LaTeX Info: Redefining \frac on input line 213.
\uproot@=\count81
\leftroot@=\count82
LaTeX Info: Redefining \overline on input line 375.
\classnum@=\count83
\DOTSCASE@=\count84
LaTeX Info: Redefining \ldots on input line 472.
LaTeX Info: Redefining \dots on input line 475.
LaTeX Info: Redefining \cdots on input line 596.
\Mathstrutbox@=\box26
\strutbox@=\box27
\big@size=\dimen106
LaTeX Font Info:    Redeclaring font encoding OML on input line 712.
LaTeX Font Info:    Redeclaring font encoding OMS on input line 713.
\macc@depth=\count85
\c@MaxMatrixCols=\count86
\dotsspace@=\muskip10
\c@parentequation=\count87
\dspbrk@lvl=\count88
\tag@help=\toks15
\row@=\count89
\column@=\count90
\maxfields@=\count91
\andhelp@=\toks16
\eqnshift@=\dimen107
\alignsep@=\dimen108
\tagshift@=\dimen109
\tagwidth@=\dimen110
\totwidth@=\dimen111
\lineht@=\dimen112
\@envbody=\toks17
\multlinegap=\skip43
\multlinetaggap=\skip44
\mathdisplay@stack=\toks18
LaTeX Info: Redefining \[ on input line 2817.
LaTeX Info: Redefining \] on input line 2818.
)
\abstractmargin=\dimen113
\@genabs=\toks19
\@genabstokb=\toks20
\listisep=\skip45
\smf@eebox=\box28
\smf@sf=\count92
\c@part=\count93
\c@section=\count94
\c@subsection=\count95
\c@subsubsection=\count96
\c@paragraph=\count97
\tochyphenpenalty=\count98
\smf@nthebib=\count99
\smf@tempwidtha=\dimen114
\smf@tempwidthb=\dimen115
Class smfart Info: Loading multicol.sty on input line 1032.

("C:/Users/bergerd/AppData/Local/Programs/MiKTeX 2.9/tex/latex/tools/multicol.s
ty"
Package: multicol 2018/04/20 v1.8s multicolumn formatting (FMi)
\c@tracingmulticols=\count100
\mult@box=\box29
\multicol@leftmargin=\dimen116
\c@unbalance=\count101
\c@collectmore=\count102
\doublecol@number=\count103
\multicoltolerance=\count104
\multicolpretolerance=\count105
\full@width=\dimen117
\page@free=\dimen118
\premulticols=\dimen119
\postmulticols=\dimen120
\multicolsep=\skip46
\multicolbaselineskip=\skip47
\partial@page=\box30
\last@line=\box31
\maxbalancingoverflow=\dimen121
\mult@rightbox=\box32
\mult@grightbox=\box33
\mult@gfirstbox=\box34
\mult@firstbox=\box35
\@tempa=\box36
\@tempa=\box37
\@tempa=\box38
\@tempa=\box39
\@tempa=\box40
\@tempa=\box41
\@tempa=\box42
\@tempa=\box43
\@tempa=\box44
\@tempa=\box45
\@tempa=\box46
\@tempa=\box47
\@tempa=\box48
\@tempa=\box49
\@tempa=\box50
\@tempa=\box51
\@tempa=\box52
\c@columnbadness=\count106
\c@finalcolumnbadness=\count107
\last@try=\dimen122
\multicolovershoot=\dimen123
\multicolundershoot=\dimen124
\mult@nat@firstbox=\box53
\colbreak@box=\box54
\mc@col@check@num=\count108
)
\c@figure=\count109
\c@table=\count110
\abovecaptionskip=\skip48
\belowcaptionskip=\skip49
\captionindent=\dimen125

("C:/Users/bergerd/AppData/Local/Programs/MiKTeX 2.9/tex/latex/amscls/amsthm.st
y"
Package: amsthm 2017/10/31 v2.20.4
\thm@style=\toks21
\thm@bodyfont=\toks22
\thm@headfont=\toks23
\thm@notefont=\toks24
\thm@headpunct=\toks25
\thm@preskip=\skip50
\thm@postskip=\skip51
\thm@headsep=\skip52
\dth@everypar=\toks26
)(load luc: C:/Users/bergerd/AppData/Local/MiKTeX/2.9/luatex-cache/generic/fonts
/otl/lmroman8-regular.luc)
LaTeX Font Info:    Try loading font information for U+msa on input line 1349.

("C:/Users/bergerd/AppData/Local/Programs/MiKTeX 2.9/tex/latex/amsfonts/umsa.fd
"
File: umsa.fd 2013/01/14 v3.01 AMS symbols A
)
LaTeX Font Info:    Try loading font information for U+msb on input line 1349.

("C:/Users/bergerd/AppData/Local/Programs/MiKTeX 2.9/tex/latex/amsfonts/umsb.fd
"
File: umsb.fd 2013/01/14 v3.01 AMS symbols B
))
("C:/Users/bergerd/AppData/Local/Programs/MiKTeX 2.9/tex/latex/base/fontenc.sty
"
Package: fontenc 2017/04/05 v2.0i Standard LaTeX package
 ("C:/Users/bergerd/AppData/Local/Programs/MiKTeX 2.9/tex/latex/base/t1enc.def"
File: t1enc.def 2017/04/05 v2.0i Standard LaTeX file
LaTeX Font Info:    Redeclaring font encoding T1 on input line 48.
)
LaTeX Font Info:    Try loading font information for T1+lmr on input line 105.
 ("C:/Users/bergerd/AppData/Local/Programs/MiKTeX 2.9/tex/latex/lm/t1lmr.fd"
File: t1lmr.fd 2009/10/30 v1.6 Font defs for Latin Modern
))
("C:/Users/bergerd/AppData/Local/Programs/MiKTeX 2.9/tex/generic/babel/babel.st
y"
Package: babel 2018/06/05 3.22 The Babel package

("C:/Users/bergerd/AppData/Local/Programs/MiKTeX 2.9/tex/generic/babel/switch.d
ef"
File: switch.def 2018/06/05 3.22 Babel switching mechanism
)
("C:/Users/bergerd/AppData/Local/Programs/MiKTeX 2.9/tex/generic/babel/luababel
.def"
\l@afrikaans=\language2
Package babel Info: Non-standard hyphenation setup on input line 114.
\l@ancientgreek=\language3
\l@arabic=\language4
\l@armenian=\language5
\l@assamese=\language6
\l@basque=\language7
\l@bengali=\language8
\l@bokmal=\language9
\l@bulgarian=\language10
\l@catalan=\language11
\l@classiclatin=\language12
\l@coptic=\language13
\l@croatian=\language14
\l@czech=\language15
\l@danish=\language16
\l@dutch=\language17
\l@esperanto=\language18
\l@estonian=\language19
\l@farsi=\language20
\l@finnish=\language21
\l@french=\language22
\l@galician=\language23
\l@georgian=\language24
\l@german=\language25
\l@german-x-2018-03-31=\language26
\l@greek=\language27
\l@gujarati=\language28
\l@hindi=\language29
\l@hungarian=\language30
\l@icelandic=\language31
\l@indonesian=\language32
\l@interlingua=\language33
\l@irish=\language34
\l@italian=\language35
\l@kannada=\language36
\l@kurmanji=\language37
\l@latin=\language38
\l@latvian=\language39
\l@lithuanian=\language40
\l@malayalam=\language41
\l@marathi=\language42
\l@mongolian=\language43
\l@mongolianlmc=\language44
\l@monogreek=\language45
\l@ngerman=\language46
\l@ngerman-x-2018-03-31=\language47
\l@nynorsk=\language48
\l@oriya=\language49
\l@panjabi=\language50
\l@piedmontese=\language51
\l@pinyin=\language52
\l@polish=\language53
\l@portuguese=\language54
\l@romanian=\language55
\l@romansh=\language56
\l@russian=\language57
\l@sanskrit=\language58
\l@serbian=\language59
\l@serbianc=\language60
\l@slovak=\language61
\l@slovenian=\language62
\l@spanish=\language63
\l@swedish=\language64
\l@swissgerman=\language65
\l@tamil=\language66
\l@telugu=\language67
\l@thai=\language68
\l@turkish=\language69
\l@turkmen=\language70
\l@ukenglish=\language71
\l@ukrainian=\language72
\l@uppersorbian=\language73
\l@usenglishmax=\language74
\l@welsh=\language75
)
*************************************
* Local config file bblopts.cfg used
*

("C:/Users/bergerd/AppData/Local/Programs/MiKTeX 2.9/tex/latex/arabi/bblopts.cf
g"
File: bblopts.cfg 2005/09/08 v0.1 add Arabic and Farsi to "declared" options of 
babel
)
("C:/Users/bergerd/AppData/Local/Programs/MiKTeX 2.9/tex/latex/babel-english/en
glish.ldf"
Language: english 2017/06/06 v3.3r English support from the babel system

("C:/Users/bergerd/AppData/Local/Programs/MiKTeX 2.9/tex/generic/babel/babel.de
f"
File: babel.def 2018/06/05 3.22 Babel common definitions
\babel@savecnt=\count111
\U@D=\dimen126

("C:/Users/bergerd/AppData/Local/Programs/MiKTeX 2.9/tex/generic/babel/luababel
.def"))
\l@canadian = a dialect from \language\l@american 
\l@australian = a dialect from \language\l@british 
\l@newzealand = a dialect from \language\l@british 
)
("C:/Users/bergerd/AppData/Local/Programs/MiKTeX 2.9/tex/generic/babel-french/f
rancais.ldf"
Language: francais 2018/04/12 v3.4d French support from the babel system


Package francais.ldf Warning: Option `francais' for Babel is *deprecated*,
(francais.ldf)                it might be removed sooner or later. Please
(francais.ldf)                use `french' instead; reported on input line 31.


("C:/Users/bergerd/AppData/Local/Programs/MiKTeX 2.9/tex/generic/babel-french/f
rench.ldf"
Language: french 2018/04/12 v3.4d French support from the babel system
\l@acadian = a dialect from \language\l@french 
\FB@nonchar=\count112
\FB@spacing=\attribute5
\FB@addDPspace=\attribute6
\FB@addGUILspace=\attribute7
\FB@ucsNBSP=\attribute8
\FB@dialect=\attribute9
Package french.ldf Info: No need for active punctuation characters
(french.ldf)             with this version of LuaTeX!
(french.ldf)             reported on input line 250.
\FBguill@level=\count113
\FB@everypar=\toks27
\FB@Mht=\dimen127
LaTeX Info: Redefining \degres on input line 757.
\mc@charclass=\count114
\mc@charfam=\count115
\mc@charslot=\count116
\std@mcc=\count117
\dec@mcc=\count118
Inserting `frenchb.french_punctuation' at position 1 in `kerning'.
\c@FBcaption@count=\count119
\listindentFB=\skip53
\descindentFB=\skip54
\labelwidthFB=\skip55
\leftmarginFB=\skip56
\parindentFFN=\dimen128
\FBfnindent=\skip57

("C:/Users/bergerd/AppData/Local/Programs/MiKTeX 2.9/tex/generic/hyph-utf8/load
hyph/loadhyph-fr.tex" UTF-8 French hyphenation patterns
("C:/Users/bergerd/AppData/Local/Programs/MiKTeX 2.9/tex/generic/hyph-utf8/patt
erns/tex/hyph-fr.tex")
("C:/Users/bergerd/AppData/Local/Programs/MiKTeX 2.9/tex/generic/hyph-utf8/patt
erns/quote/hyph-quote-fr.tex")))))
("C:/Users/bergerd/AppData/Local/Programs/MiKTeX 2.9/tex/latex/carlisle/scalefn
t.sty")
("C:/Users/bergerd/AppData/Local/Programs/MiKTeX 2.9/tex/latex/graphics/keyval.
sty"
Package: keyval 2014/10/28 v1.15 key=value parser (DPC)
\KV@toks@=\toks28
)
("C:/Users/bergerd/AppData/Local/Programs/MiKTeX 2.9/tex/latex/amsfonts/amssymb
.sty"
Package: amssymb 2013/01/14 v3.01 AMS font symbols
)
("C:/Users/bergerd/AppData/Local/Programs/MiKTeX 2.9/tex/latex/url/url.sty"
\Urlmuskip=\muskip11
Package: url 2013/09/16  ver 3.4  Verb mode for urls, etc.
)
("C:/Users/bergerd/AppData/Local/Programs/MiKTeX 2.9/tex/latex/tools/xspace.sty
"
Package: xspace 2014/10/28 v1.13 Space after command names (DPC,MH)
) (./smfthm.sty
Package: smfthm 1999/03/05 v1.0.h Environnements predefinis de theoremes
)
("C:/Users/bergerd/AppData/Local/Programs/MiKTeX 2.9/tex/latex/jknappen/mathrsf
s.sty"
Package: mathrsfs 1996/01/01 Math RSFS package v1.0 (jk)
\symrsfs=\mathgroup6
) (./sym-stoch.aux

LaTeX Warning: Label `metric' multiply defined.


LaTeX Warning: Label `transformedstochdiff' multiply defined.


LaTeX Warning: Label `stochdiff' multiply defined.


LaTeX Warning: Label `stochdiff' multiply defined.


LaTeX Warning: Label `stochdiff' multiply defined.


LaTeX Warning: Label `stochdiff' multiply defined.


LaTeX Warning: Label `stochdiff' multiply defined.


LaTeX Warning: Label `stochdiff' multiply defined.


LaTeX Warning: Label `stochdiff' multiply defined.


LaTeX Warning: Label `stochdiff' multiply defined.


LaTeX Warning: Label `stochdiff' multiply defined.


LaTeX Warning: Label `stochdiff' multiply defined.

)
\openout1 = sym-stoch.aux

LaTeX Font Info:    Checking defaults for OML/cmm/m/it on input line 106.
LaTeX Font Info:    ... okay on input line 106.
LaTeX Font Info:    Checking defaults for T1/cmr/m/n on input line 106.
LaTeX Font Info:    ... okay on input line 106.
LaTeX Font Info:    Checking defaults for OT1/cmr/m/n on input line 106.
LaTeX Font Info:    ... okay on input line 106.
LaTeX Font Info:    Checking defaults for OMS/cmsy/m/n on input line 106.
LaTeX Font Info:    ... okay on input line 106.
LaTeX Font Info:    Checking defaults for TU/lmr/m/n on input line 106.
LaTeX Font Info:    ... okay on input line 106.
LaTeX Font Info:    Checking defaults for OMX/cmex/m/n on input line 106.
LaTeX Font Info:    ... okay on input line 106.
LaTeX Font Info:    Checking defaults for U/cmr/m/n on input line 106.
LaTeX Font Info:    ... okay on input line 106.
LaTeX Info: Redefining \dots on input line 106.
LaTeX Info: Redefining \up on input line 106.
\c@smfthm=\count120
LaTeX Font Info:    Try loading font information for U+rsfs on input line 121.

("C:/Users/bergerd/AppData/Local/Programs/MiKTeX 2.9/tex/latex/jknappen/ursfs.f
d"
File: ursfs.fd 1998/03/24 rsfs font definition file (jk)
) (./sym-stoch.toc
LaTeX Font Info:    Try loading font information for T1+lmtt on input line 31.

("C:/Users/bergerd/AppData/Local/Programs/MiKTeX 2.9/tex/latex/lm/t1lmtt.fd"
File: t1lmtt.fd 2009/10/30 v1.6 Font defs for Latin Modern
))
LaTeX Font Info:    Try loading font information for OMS+lmr on input line 127.

("C:/Users/bergerd/AppData/Local/Programs/MiKTeX 2.9/tex/latex/lm/omslmr.fd"
File: omslmr.fd 2009/10/30 v1.6 Font defs for Latin Modern
)
LaTeX Font Info:    Try loading font information for OMS+lmsy on input line 127.


("C:/Users/bergerd/AppData/Local/Programs/MiKTeX 2.9/tex/latex/lm/omslmsy.fd"
File: omslmsy.fd 2009/10/30 v1.6 Font defs for Latin Modern
)
LaTeX Font Info:    Font shape `OMS/lmr/m/n' in size <9> not available
(Font)              Font shape `OMS/lmsy/m/n' tried instead on input line 127.

[1

{C:/Users/bergerd/AppData/Local/MiKTeX/2.9/pdftex/config/pdftex.map}]
[2] [3] [4]
LaTeX Font Info:    Try loading font information for U+euf on input line 237.

("C:/Users/bergerd/AppData/Local/Programs/MiKTeX 2.9/tex/latex/amsfonts/ueuf.fd
"
File: ueuf.fd 2013/01/14 v3.01 Euler Fraktur
) [5] [6] [7] [8] [9] [10] [11] [12] [13] [14] [15] [16] [17]
Underfull \hbox (badness 3536) in paragraph at lines 925--929
\T1/lmr/bx/n/10 11.1.Theorem styles. [][] \T1/lmr/m/n/10 Three styles of the-o-
rems are de-fined: \T1/lmtt/m/n/10 plain\T1/lmr/m/n/10 ,
 []

LaTeX Font Info:    Font shape `T1/lmtt/bx/n' in size <10> not available
(Font)              Font shape `T1/lmtt/b/n' tried instead on input line 958.
[18] [19] [20]
Underfull \hbox (badness 1383) in paragraph at lines 1133--1137
[]\T1/lmr/m/it/9 Ba-bel, a mul-ti-lin-gual pack-age for use with L[]T[]X's stan
-dard doc-u-ment classes,
 []


Underfull \hbox (badness 2469) in paragraph at lines 1133--1137
\T1/lmr/m/sc/9 J. Braams, $\T1/lmtt/m/n/9 http://www.loria.fr/tex/ctan-[]doc/ma
cros/latex/packages/babel/
 []


Underfull \hbox (badness 2617) in paragraph at lines 1144--1147
[]\T1/lmr/m/it/9 The \T1/lmtt/m/it/9 graphics \T1/lmr/m/it/9 pack-age, \T1/lmr/
m/sc/9 D. Carlisle, S. Rahtz, $\T1/lmtt/m/n/9 http://www.loria.fr/tex/
 []


Underfull \hbox (badness 2617) in paragraph at lines 1149--1152
[]\T1/lmr/m/it/9 The \T1/lmtt/m/it/9 graphicx \T1/lmr/m/it/9 pack-age, \T1/lmr/
m/sc/9 D. Carlisle, S. Rahtz, $\T1/lmtt/m/n/9 http://www.loria.fr/tex/
 []

\tf@toc=\write3

\openout3 = sym-stoch.toc
[21] (./sym-stoch.aux)

LaTeX Warning: There were multiply-defined labels.

)

Here is how much of LuaTeX's memory you used:
 3786 strings out of 494412
 305222,154059 words of node,token memory allocated
 230477 words of node memory still in use:
   45 hlist, 11 vlist, 4 rule, 8 math, 32 glue, 11 kern, 1 penalty, 40 sub_mlist
, 29718 glyph, 9037 attribute, 60 glue_spec, 1507 attribute_list, 1 write nodes
   avail lists: 1:4,2:817,3:183,4:12,5:170,6:38,7:2558,8:77,9:479,10:10,11:201
 7695 multiletter control sequences out of 65536+200000
 117 fonts using 7660167 bytes
 30i,19n,32p,810b,355s stack positions out of 5000i,500n,10000p,200000b,50000s
{C:/Users/bergerd/AppData/Local/Programs/MiKTeX 2.9/fonts/enc/dvips/lm/lm-ec.enc
}{C:/Users/bergerd/AppData/Local/Programs/MiKTeX 2.9/fonts/enc/dvips/lm/lm-maths
y.enc}<C:/Users/bergerd/AppData/Local/Programs/MiKTeX 2.9/fonts/type1/public/ams
fonts/cm/cmbx10.pfb><C:/Users/bergerd/AppData/Local/Programs/MiKTeX 2.9/fonts/ty
pe1/public/amsfonts/cm/cmbx7.pfb><C:/Users/bergerd/AppData/Local/Programs/MiKTeX
 2.9/fonts/type1/public/amsfonts/cm/cmbx8.pfb><C:/Users/bergerd/AppData/Local/Pr
ograms/MiKTeX 2.9/fonts/type1/public/amsfonts/cm/cmex10.pfb><C:/Users/bergerd/Ap
pData/Local/Programs/MiKTeX 2.9/fonts/type1/public/amsfonts/cm/cmmi10.pfb><C:/Us
ers/bergerd/AppData/Local/Programs/MiKTeX 2.9/fonts/type1/public/amsfonts/cm/cmm
i5.pfb><C:/Users/bergerd/AppData/Local/Programs/MiKTeX 2.9/fonts/type1/public/am
sfonts/cm/cmmi6.pfb><C:/Users/bergerd/AppData/Local/Programs/MiKTeX 2.9/fonts/ty
pe1/public/amsfonts/cm/cmmi7.pfb><C:/Users/bergerd/AppData/Local/Programs/MiKTeX
 2.9/fonts/type1/public/amsfonts/cm/cmmi8.pfb><C:/Users/bergerd/AppData/Local/Pr
ograms/MiKTeX 2.9/fonts/type1/public/amsfonts/cm/cmmib10.pfb><C:/Users/bergerd/A
ppData/Local/Programs/MiKTeX 2.9/fonts/type1/public/amsfonts/cm/cmr10.pfb><C:/Us
ers/bergerd/AppData/Local/Programs/MiKTeX 2.9/fonts/type1/public/amsfonts/cm/cmr
5.pfb><C:/Users/bergerd/AppData/Local/Programs/MiKTeX 2.9/fonts/type1/public/ams
fonts/cm/cmr6.pfb><C:/Users/bergerd/AppData/Local/Programs/MiKTeX 2.9/fonts/type
1/public/amsfonts/cm/cmr7.pfb><C:/Users/bergerd/AppData/Local/Programs/MiKTeX 2.
9/fonts/type1/public/amsfonts/cm/cmr8.pfb><C:/Users/bergerd/AppData/Local/Progra
ms/MiKTeX 2.9/fonts/type1/public/amsfonts/cm/cmss8.pfb><C:/Users/bergerd/AppData
/Local/Programs/MiKTeX 2.9/fonts/type1/public/amsfonts/cm/cmsy10.pfb><C:/Users/b
ergerd/AppData/Local/Programs/MiKTeX 2.9/fonts/type1/public/amsfonts/cm/cmsy5.pf
b><C:/Users/bergerd/AppData/Local/Programs/MiKTeX 2.9/fonts/type1/public/amsfont
s/cm/cmsy6.pfb><C:/Users/bergerd/AppData/Local/Programs/MiKTeX 2.9/fonts/type1/p
ublic/amsfonts/cm/cmsy7.pfb><C:/Users/bergerd/AppData/Local/Programs/MiKTeX 2.9/
fonts/type1/public/amsfonts/cm/cmsy8.pfb><C:/Users/bergerd/AppData/Local/Program
s/MiKTeX 2.9/fonts/type1/public/amsfonts/euler/eufm10.pfb><C:/Users/bergerd/AppD
ata/Local/Programs/MiKTeX 2.9/fonts/type1/public/lm/lmbx10.pfb><C:/Users/bergerd
/AppData/Local/Programs/MiKTeX 2.9/fonts/type1/public/lm/lmbx7.pfb><C:/Users/ber
gerd/AppData/Local/Programs/MiKTeX 2.9/fonts/type1/public/lm/lmbx8.pfb><C:/Users
/bergerd/AppData/Local/Programs/MiKTeX 2.9/fonts/type1/public/lm/lmbxi10.pfb><C:
/Users/bergerd/AppData/Local/Programs/MiKTeX 2.9/fonts/type1/public/lm/lmcsc10.p
fb><C:/Users/bergerd/AppData/Local/Programs/MiKTeX 2.9/fonts/type1/public/lm/lmr
10.pfb><C:/Users/bergerd/AppData/Local/Programs/MiKTeX 2.9/fonts/type1/public/lm
/lmr7.pfb><C:/Users/bergerd/AppData/Local/Programs/MiKTeX 2.9/fonts/type1/public
/lm/lmr8.pfb><C:/Users/bergerd/AppData/Local/Programs/MiKTeX 2.9/fonts/type1/pub
lic/lm/lmr9.pfb><C:/Users/bergerd/AppData/Local/Programs/MiKTeX 2.9/fonts/type1/
public/lm/lmri10.pfb><C:/Users/bergerd/AppData/Local/Programs/MiKTeX 2.9/fonts/t
ype1/public/lm/lmri7.pfb><C:/Users/bergerd/AppData/Local/Programs/MiKTeX 2.9/fon
ts/type1/public/lm/lmri8.pfb><C:/Users/bergerd/AppData/Local/Programs/MiKTeX 2.9
/fonts/type1/public/lm/lmri9.pfb><C:/Users/bergerd/AppData/Local/Programs/MiKTeX
 2.9/fonts/type1/public/lm/lmro10.pfb><C:/Users/bergerd/AppData/Local/Programs/M
iKTeX 2.9/fonts/type1/public/lm/lmsy9.pfb><C:/Users/bergerd/AppData/Local/Progra
ms/MiKTeX 2.9/fonts/type1/public/lm/lmtk10.pfb><C:/Users/bergerd/AppData/Local/P
rograms/MiKTeX 2.9/fonts/type1/public/lm/lmtt10.pfb><C:/Users/bergerd/AppData/Lo
cal/Programs/MiKTeX 2.9/fonts/type1/public/lm/lmtt8.pfb><C:/Users/bergerd/AppDat
a/Local/Programs/MiKTeX 2.9/fonts/type1/public/lm/lmtt9.pfb><C:/Users/bergerd/Ap
pData/Local/Programs/MiKTeX 2.9/fonts/type1/public/lm/lmtti10.pfb><C:/Users/berg
erd/AppData/Local/Programs/MiKTeX 2.9/fonts/type1/public/amsfonts/symbols/msbm10
.pfb><C:/Users/bergerd/AppData/Local/Programs/MiKTeX 2.9/fonts/type1/public/rsfs
/rsfs10.pfb>
Output written on sym-stoch.pdf (21 pages, 759403 bytes).

PDF statistics: 247 PDF objects out of 1000 (max. 8388607)
 0 named destinations out of 1000 (max. 131072)
 1 words of extra memory for PDF output out of 10000 (max. 100000000)

